[debug] [2019-06-20T11:23:02.833Z] ----------------------------------------------------------------------
[debug] [2019-06-20T11:23:02.836Z] Command:       /usr/local/bin/node /usr/local/bin/firebase deploy --only functions:dialogflowFirebaseFulfillment
[debug] [2019-06-20T11:23:02.836Z] CLI Version:   7.0.0
[debug] [2019-06-20T11:23:02.836Z] Platform:      darwin
[debug] [2019-06-20T11:23:02.836Z] Node Version:  v8.15.1
[debug] [2019-06-20T11:23:02.837Z] Time:          Thu Jun 20 2019 12:23:02 GMT+0100 (BST)
[debug] [2019-06-20T11:23:02.837Z] ----------------------------------------------------------------------
[debug] 
[debug] [2019-06-20T11:23:02.857Z] > command requires scopes: ["email","openid","https://www.googleapis.com/auth/cloudplatformprojects.readonly","https://www.googleapis.com/auth/firebase","https://www.googleapis.com/auth/cloud-platform"]
[debug] [2019-06-20T11:23:02.857Z] > authorizing via signed-in user
[debug] [2019-06-20T11:23:02.857Z] [iam] checking project endpointhome-fa0de for permissions ["cloudfunctions.functions.create","cloudfunctions.functions.delete","cloudfunctions.functions.get","cloudfunctions.functions.list","cloudfunctions.functions.update","cloudfunctions.operations.get","firebase.projects.get"]
[debug] [2019-06-20T11:23:02.859Z] >>> HTTP REQUEST POST https://cloudresourcemanager.googleapis.com/v1/projects/endpointhome-fa0de:testIamPermissions  

[debug] [2019-06-20T11:23:03.768Z] <<< HTTP RESPONSE 200
[warn] ⚠  functions: package.json indicates an outdated version of firebase-functions.
 Please upgrade using npm install --save firebase-functions@latest in your functions directory.
[info] 
[info] === Deploying to 'endpointhome-fa0de'...
[info] 
[info] i  deploying functions
[debug] [2019-06-20T11:23:06.451Z] > [functions] package.json contents: {
  "name": "dialogflowFirebaseFulfillment",
  "description": "This is the default fulfillment for a Dialogflow agents using Cloud Functions for Firebase",
  "version": "0.0.1",
  "private": true,
  "license": "Apache Version 2.0",
  "author": "Google Inc.",
  "engines": {
    "node": "8"
  },
  "scripts": {
    "start": "firebase serve --only functions:dialogflowFirebaseFulfillment",
    "deploy": "firebase deploy --only functions:dialogflowFirebaseFulfillment",
    "deploy.key": "firebase functions:config:set endpoint-home-demo.basicauth=\"c3NvdXJpc0B0aG91c2FuZGV5ZXMuY29tOjJkNjRyOHc1MjExY3p5bzVoMzI4cHEwd2VvajVzcHVm\""
  },
  "dependencies": {
    "actions-on-google": "^2.2.0",
    "dialogflow": "^0.6.0",
    "dialogflow-fulfillment": "^0.5.0",
    "firebase-admin": "5.13.1",
    "firebase-functions": "^2.0.2",
    "request-promise": "^4.2.4"
  }
}
[info] i  functions: ensuring necessary APIs are enabled...
[debug] [2019-06-20T11:23:06.452Z] >>> HTTP REQUEST GET https://servicemanagement.googleapis.com/v1/services/cloudfunctions.googleapis.com/projectSettings/endpointhome-fa0de?view=CONSUMER_VIEW  
 
[debug] [2019-06-20T11:23:06.453Z] >>> HTTP REQUEST GET https://servicemanagement.googleapis.com/v1/services/runtimeconfig.googleapis.com/projectSettings/endpointhome-fa0de?view=CONSUMER_VIEW  
 
[debug] [2019-06-20T11:23:07.764Z] <<< HTTP RESPONSE 200
[debug] [2019-06-20T11:23:08.020Z] <<< HTTP RESPONSE 200
[info] ✔  functions: all necessary APIs are enabled
[debug] [2019-06-20T11:23:08.021Z] >>> HTTP REQUEST GET https://cloudresourcemanager.googleapis.com/v1/projects/endpointhome-fa0de  
 
[debug] [2019-06-20T11:23:08.732Z] <<< HTTP RESPONSE 200
[debug] [2019-06-20T11:23:08.733Z] >>> HTTP REQUEST GET https://mobilesdk-pa.googleapis.com/v1/projects/1028798028381:getServerAppConfig  
 
[debug] [2019-06-20T11:23:09.405Z] <<< HTTP RESPONSE 200
[info] i  functions: preparing functions directory for uploading...
[debug] [2019-06-20T11:23:09.408Z] >>> HTTP REQUEST GET https://runtimeconfig.googleapis.com/v1beta1/projects/endpointhome-fa0de/configs  
 
[debug] [2019-06-20T11:23:10.340Z] <<< HTTP RESPONSE 200
[debug] [2019-06-20T11:23:10.341Z] >>> HTTP REQUEST GET https://runtimeconfig.googleapis.com/v1beta1/projects/endpointhome-fa0de/configs/endpoint-home-demo/variables  
 
[debug] [2019-06-20T11:23:10.898Z] <<< HTTP RESPONSE 200
[debug] [2019-06-20T11:23:10.899Z] >>> HTTP REQUEST GET https://runtimeconfig.googleapis.com/v1beta1/projects/endpointhome-fa0de/configs/endpoint-home-demo/variables/basicauth  
 
[debug] [2019-06-20T11:23:11.440Z] <<< HTTP RESPONSE 200
[info] i  functions: packaged functions (47.2 KB) for uploading
[debug] [2019-06-20T11:23:13.445Z] >>> HTTP REQUEST POST https://cloudfunctions.googleapis.com/v1/projects/endpointhome-fa0de/locations/us-central1/functions:generateUploadUrl  
 
[debug] [2019-06-20T11:23:14.404Z] <<< HTTP RESPONSE 200
[debug] [2019-06-20T11:23:14.405Z] >>> HTTP REQUEST PUT https://storage.googleapis.com/gcf-upload-us-central1-1cd117d6-6408-4b51-b61f-995f171962ce/71c53f6b-f606-4342-b714-e68609cad580.zip?GoogleAccessId=service-1028798028381@gcf-admin-robot.iam.gserviceaccount.com&Expires=1561031594&Signature=lgOx3Ik6x%2FfHe1nit6F6J8j8B9THwFK6pPxljCoJJnGP8%2BZGtqC4fYSpfCyvd2v%2F4YoC23cw5eYPqeR6Gvx5dUCQgcjyzuxknBePL2ol1EyxWJsRaU6V8fXtViFOshAq%2FUGO1MH0g8fPLl6Q5sLkebL7974cUdu%2BpY3J%2B99nDHhClumVB7FZeRTY6sX8P8UWowImXa6Z7tJD%2Fkl3cm8hEKPK%2F4NDCqp%2BeLRSydUGeNR7Fxl%2FEtD2san2KScWHemDiHLofZPTq9aQdX6OSwNS%2Fc3u5W832sAzB6Y0YRamA1xYafL9E%2BTpe0fnE8QgRqs9mQ0BwVjiqa76GQ1OIKZXXw%3D%3D  

[debug] [2019-06-20T11:23:15.903Z] <<< HTTP RESPONSE 200
[info] ✔  functions: functions folder uploaded successfully
[debug] [2019-06-20T11:23:15.906Z] >>> HTTP REQUEST GET https://cloudfunctions.googleapis.com/v1/projects/endpointhome-fa0de/locations/-/functions  
 
[debug] [2019-06-20T11:23:16.953Z] <<< HTTP RESPONSE 200
[debug] [2019-06-20T11:23:16.955Z] > [functions] filtering triggers to: [
  "projects/endpointhome-fa0de/locations/us-central1/functions/dialogflowFirebaseFulfillment"
]
[info] i  functions: current functions in project: dialogflowFirebaseFulfillment(us-central1)
[info] i  functions: uploading functions in project: dialogflowFirebaseFulfillment(us-central1)
[info] i  functions: updating Node.js 8 function dialogflowFirebaseFulfillment(us-central1)...
[debug] [2019-06-20T11:23:16.957Z] Trigger is:  {"httpsTrigger":{}}
[debug] [2019-06-20T11:23:16.959Z] >>> HTTP REQUEST GET https://servicemanagement.googleapis.com/v1/services/cloudscheduler.googleapis.com/projectSettings/endpointhome-fa0de?view=CONSUMER_VIEW  
 
[debug] [2019-06-20T11:23:18.226Z] <<< HTTP RESPONSE 200
[debug] [2019-06-20T11:23:18.228Z] >>> HTTP REQUEST PATCH https://cloudfunctions.googleapis.com/v1/projects/endpointhome-fa0de/locations/us-central1/functions/dialogflowFirebaseFulfillment {"updateMask":"sourceUploadUrl,name,labels,runtime,httpsTrigger"} 

[debug] [2019-06-20T11:23:19.176Z] <<< HTTP RESPONSE 200
[debug] [2019-06-20T11:23:19.178Z] >>> HTTP REQUEST GET https://cloudfunctions.googleapis.com/v1/projects/endpointhome-fa0de/locations/-/functions  
 
[debug] [2019-06-20T11:23:20.199Z] <<< HTTP RESPONSE 200
[debug] [2019-06-20T11:23:20.200Z] >>> HTTP REQUEST GET https://cloudfunctions.googleapis.com/v1/operations/ZW5kcG9pbnRob21lLWZhMGRlL3VzLWNlbnRyYWwxL2RpYWxvZ2Zsb3dGaXJlYmFzZUZ1bGZpbGxtZW50L0IzazYzNEQxQm9n  
 
[debug] [2019-06-20T11:23:20.790Z] <<< HTTP RESPONSE 200
[debug] [2019-06-20T11:23:22.793Z] >>> HTTP REQUEST GET https://cloudfunctions.googleapis.com/v1/operations/ZW5kcG9pbnRob21lLWZhMGRlL3VzLWNlbnRyYWwxL2RpYWxvZ2Zsb3dGaXJlYmFzZUZ1bGZpbGxtZW50L0IzazYzNEQxQm9n  
 
[debug] [2019-06-20T11:23:23.529Z] <<< HTTP RESPONSE 200
